This file contains any messages produced by compilers while
running configure, to aid debugging if configure makes a mistake.

It was created by test configure 0.0.1, which was
generated by GNU Autoconf 2.69.  Invocation command line was

  $ ./configure PREFIX=./

## --------- ##
## Platform. ##
## --------- ##

hostname = genome2.umd.edu
uname -m = x86_64
uname -r = 3.8.2-genomegroup
uname -s = Linux
uname -v = #1 SMP Tue Mar 12 14:43:58 EDT 2013

/usr/bin/uname -p = x86_64
/bin/uname -X     = unknown

/bin/arch              = x86_64
/usr/bin/arch -k       = unknown
/usr/convex/getsysinfo = unknown
/usr/bin/hostinfo      = unknown
/bin/machine           = unknown
/usr/bin/oslevel       = unknown
/bin/universe          = unknown

PATH: /software/ge2011.11/bin/linux-x64
PATH: /software/ruby/bin
PATH: /software/perl/bin
PATH: /software/Linux64/amos-2.0.8/bin
PATH: /software/Linux64/wgs-6.1/Linux-amd64/bin
PATH: /software/noarch
PATH: /software/Linux64/bin
PATH: /usr/lib64/ccache
PATH: /usr/local/bin
PATH: /usr/bin


## ----------- ##
## Core tests. ##
## ----------- ##

configure:1830: checking whether make supports nested variables
configure:1847: result: yes
configure:1879: checking for a BSD-compatible install
configure:1947: result: /usr/bin/install -c
configure:1958: checking whether build environment is sane
configure:2013: result: yes
configure:2164: checking for a thread-safe mkdir -p
configure:2203: result: /usr/bin/mkdir -p
configure:2210: checking for gawk
configure:2226: found /usr/bin/gawk
configure:2237: result: gawk
configure:2248: checking whether make sets $(MAKE)
configure:2270: result: yes
configure:2466: checking for g++
configure:2482: found /usr/lib64/ccache/g++
configure:2493: result: g++
configure:2520: checking for C++ compiler version
configure:2529: g++ --version >&5
g++ (GCC) 4.7.2 20120921 (Red Hat 4.7.2-2)
Copyright (C) 2012 Free Software Foundation, Inc.
This is free software; see the source for copying conditions.  There is NO
warranty; not even for MERCHANTABILITY or FITNESS FOR A PARTICULAR PURPOSE.

configure:2540: $? = 0
configure:2529: g++ -v >&5
Using built-in specs.
COLLECT_GCC=/usr/bin/g++
COLLECT_LTO_WRAPPER=/usr/libexec/gcc/x86_64-redhat-linux/4.7.2/lto-wrapper
Target: x86_64-redhat-linux
Configured with: ../configure --prefix=/usr --mandir=/usr/share/man --infodir=/usr/share/info --with-bugurl=http://bugzilla.redhat.com/bugzilla --enable-bootstrap --enable-shared --enable-threads=posix --enable-checking=release --disable-build-with-cxx --disable-build-poststage1-with-cxx --with-system-zlib --enable-__cxa_atexit --disable-libunwind-exceptions --enable-gnu-unique-object --enable-linker-build-id --with-linker-hash-style=gnu --enable-languages=c,c++,objc,obj-c++,java,fortran,ada,go,lto --enable-plugin --enable-initfini-array --enable-java-awt=gtk --disable-dssi --with-java-home=/usr/lib/jvm/java-1.5.0-gcj-1.5.0.0/jre --enable-libgcj-multifile --enable-java-maintainer-mode --with-ecj-jar=/usr/share/java/eclipse-ecj.jar --disable-libjava-multilib --with-ppl --with-cloog --with-tune=generic --with-arch_32=i686 --build=x86_64-redhat-linux
Thread model: posix
gcc version 4.7.2 20120921 (Red Hat 4.7.2-2) (GCC) 
configure:2540: $? = 0
configure:2529: g++ -V >&5
g++: error: unrecognized command line option '-V'
g++: fatal error: no input files
compilation terminated.
configure:2540: $? = 4
configure:2529: g++ -qversion >&5
g++: error: unrecognized command line option '-qversion'
g++: fatal error: no input files
compilation terminated.
configure:2540: $? = 4
configure:2560: checking whether the C++ compiler works
configure:2582: g++    conftest.cpp  >&5
configure:2586: $? = 0
configure:2634: result: yes
configure:2637: checking for C++ compiler default output file name
configure:2639: result: a.out
configure:2645: checking for suffix of executables
configure:2652: g++ -o conftest    conftest.cpp  >&5
configure:2656: $? = 0
configure:2678: result: 
configure:2700: checking whether we are cross compiling
configure:2708: g++ -o conftest    conftest.cpp  >&5
configure:2712: $? = 0
configure:2719: ./conftest
configure:2723: $? = 0
configure:2738: result: no
configure:2743: checking for suffix of object files
configure:2765: g++ -c   conftest.cpp >&5
configure:2769: $? = 0
configure:2790: result: o
configure:2794: checking whether we are using the GNU C++ compiler
configure:2813: g++ -c   conftest.cpp >&5
configure:2813: $? = 0
configure:2822: result: yes
configure:2831: checking whether g++ accepts -g
configure:2851: g++ -c -g  conftest.cpp >&5
configure:2851: $? = 0
configure:2892: result: yes
configure:2926: checking for style of include used by make
configure:2954: result: GNU
configure:2980: checking dependency style of g++
configure:3091: result: gcc3
configure:3112: checking for yaggo
configure:3130: found /software/ruby/bin/yaggo
configure:3143: result: /software/ruby/bin/yaggo
configure:3283: checking that generated files are newer than configure
configure:3289: result: done
configure:3312: creating ./config.status

## ---------------------- ##
## Running config.status. ##
## ---------------------- ##

This file was extended by test config.status 0.0.1, which was
generated by GNU Autoconf 2.69.  Invocation command line was

  CONFIG_FILES    = 
  CONFIG_HEADERS  = 
  CONFIG_LINKS    = 
  CONFIG_COMMANDS = 
  $ ./config.status 

on genome2.umd.edu

config.status:840: creating Makefile
config.status:840: creating config.h
config.status:1069: executing depfiles commands

## ---------------- ##
## Cache variables. ##
## ---------------- ##

ac_cv_cxx_compiler_gnu=yes
ac_cv_env_CCC_set=
ac_cv_env_CCC_value=
ac_cv_env_CPPFLAGS_set=
ac_cv_env_CPPFLAGS_value=
ac_cv_env_CXXFLAGS_set=
ac_cv_env_CXXFLAGS_value=
ac_cv_env_CXX_set=
ac_cv_env_CXX_value=
ac_cv_env_LDFLAGS_set=
ac_cv_env_LDFLAGS_value=
ac_cv_env_LIBS_set=
ac_cv_env_LIBS_value=
ac_cv_env_YAGGO_set=
ac_cv_env_YAGGO_value=
ac_cv_env_build_alias_set=
ac_cv_env_build_alias_value=
ac_cv_env_host_alias_set=
ac_cv_env_host_alias_value=
ac_cv_env_target_alias_set=
ac_cv_env_target_alias_value=
ac_cv_objext=o
ac_cv_path_YAGGO=/software/ruby/bin/yaggo
ac_cv_path_install='/usr/bin/install -c'
ac_cv_path_mkdir=/usr/bin/mkdir
ac_cv_prog_AWK=gawk
ac_cv_prog_ac_ct_CXX=g++
ac_cv_prog_cxx_g=yes
ac_cv_prog_make_make_set=yes
am_cv_CXX_dependencies_compiler_type=gcc3
am_cv_make_support_nested_variables=yes

## ----------------- ##
## Output variables. ##
## ----------------- ##

ACLOCAL='${SHELL} /genome2/raid/alekseyz/MaSuRCA/Flye/build-aux/missing aclocal-1.15'
AMDEPBACKSLASH='\'
AMDEP_FALSE='#'
AMDEP_TRUE=''
AMTAR='$${TAR-tar}'
AM_BACKSLASH='\'
AM_DEFAULT_V='$(AM_DEFAULT_VERBOSITY)'
AM_DEFAULT_VERBOSITY='0'
AM_V='$(V)'
AUTOCONF='${SHELL} /genome2/raid/alekseyz/MaSuRCA/Flye/build-aux/missing autoconf'
AUTOHEADER='${SHELL} /genome2/raid/alekseyz/MaSuRCA/Flye/build-aux/missing autoheader'
AUTOMAKE='${SHELL} /genome2/raid/alekseyz/MaSuRCA/Flye/build-aux/missing automake-1.15'
AWK='gawk'
CPPFLAGS=''
CXX='g++'
CXXDEPMODE='depmode=gcc3'
CXXFLAGS='-g -O2'
CYGPATH_W='echo'
DEFS='-DHAVE_CONFIG_H'
DEPDIR='.deps'
ECHO_C=''
ECHO_N='-n'
ECHO_T=''
EXEEXT=''
INSTALL_DATA='${INSTALL} -m 644'
INSTALL_PROGRAM='${INSTALL}'
INSTALL_SCRIPT='${INSTALL}'
INSTALL_STRIP_PROGRAM='$(install_sh) -c -s'
LDFLAGS=''
LIBOBJS=''
LIBS=''
LTLIBOBJS=''
MAKEINFO='${SHELL} /genome2/raid/alekseyz/MaSuRCA/Flye/build-aux/missing makeinfo'
MKDIR_P='/usr/bin/mkdir -p'
OBJEXT='o'
PACKAGE='test'
PACKAGE_BUGREPORT='me@me.com'
PACKAGE_NAME='test'
PACKAGE_STRING='test 0.0.1'
PACKAGE_TARNAME='test'
PACKAGE_URL=''
PACKAGE_VERSION='0.0.1'
PATH_SEPARATOR=':'
SET_MAKE=''
SHELL='/bin/sh'
STRIP=''
VERSION='0.0.1'
YAGGO='/software/ruby/bin/yaggo'
ac_ct_CXX='g++'
am__EXEEXT_FALSE=''
am__EXEEXT_TRUE='#'
am__fastdepCXX_FALSE='#'
am__fastdepCXX_TRUE=''
am__include='include'
am__isrc=''
am__leading_dot='.'
am__nodep='_no'
am__quote=''
am__tar='$${TAR-tar} chof - "$$tardir"'
am__untar='$${TAR-tar} xf -'
bindir='${exec_prefix}/bin'
build_alias=''
datadir='${datarootdir}'
datarootdir='${prefix}/share'
docdir='${datarootdir}/doc/${PACKAGE_TARNAME}'
dvidir='${docdir}'
exec_prefix='${prefix}'
host_alias=''
htmldir='${docdir}'
includedir='${prefix}/include'
infodir='${datarootdir}/info'
install_sh='${SHELL} /genome2/raid/alekseyz/MaSuRCA/Flye/build-aux/install-sh'
libdir='${exec_prefix}/lib'
libexecdir='${exec_prefix}/libexec'
localedir='${datarootdir}/locale'
localstatedir='${prefix}/var'
mandir='${datarootdir}/man'
mkdir_p='$(MKDIR_P)'
oldincludedir='/usr/include'
pdfdir='${docdir}'
prefix='/usr/local'
program_transform_name='s,x,x,'
psdir='${docdir}'
sbindir='${exec_prefix}/sbin'
sharedstatedir='${prefix}/com'
sysconfdir='${prefix}/etc'
target_alias=''

## ----------- ##
## confdefs.h. ##
## ----------- ##

/* confdefs.h */
#define PACKAGE_NAME "test"
#define PACKAGE_TARNAME "test"
#define PACKAGE_VERSION "0.0.1"
#define PACKAGE_STRING "test 0.0.1"
#define PACKAGE_BUGREPORT "me@me.com"
#define PACKAGE_URL ""
#define PACKAGE "test"
#define VERSION "0.0.1"

configure: exit 0
